pipewire
pipewire-alsa
pipewire-audio
pipewire-jack
pipewire-pulse
gst-plugin-pipewire
wireplumber
networkmanager
network-manager-applet
bluez
bluez-utils
blueman
sddm-git
qt5-wayland
qt6-wayland
qt5-quickcontrols
qt5-quickcontrols2
qt5-graphicaleffects
hyprland-git
dunst
rofi-lbonn-wayland-git
waybar
swww
swaylock-effects-git
wlogout
grimblast-git
slurp
swappy
cliphist
polkit-kde-agent
xdg-desktop-portal-hyprland
pacman-contrib
python-pyamdgpuinfo
parallel
jq
imagemagick
qt5-imageformats
ffmpegthumbs
brightnessctl
pavucontrol
pamixer
nwg-look
kvantum
qt5ct
firefox
brave-bin
kitty
neofetch
dolphin
visual-studio-code-bin
vim
ark
zsh
eza
cava
pokemon-colorscripts-git
fcitx5
fcitx5-qt
fcitx5-gtk
fcitx5-configtool
